<?xml version="1.0" encoding="UTF-8"?>
<testsuite xmlns:xsi="http://www.w3.org/2001/XMLSchema-instance" xsi:noNamespaceSchemaLocation="https://maven.apache.org/surefire/maven-surefire-plugin/xsd/surefire-test-report-3.0.xsd" version="3.0" name="com.myorg.DemoTest" time="0.892" tests="1" errors="0" skipped="0" failures="0">
  <properties>
    <property name="java.specification.version" value="21"/>
    <property name="sun.jnu.encoding" value="UTF-8"/>
    <property name="java.class.path" value="/Users/yingzhao/codes/github/Resource-Orchestration-Service-Cloud-Development-Kit/examples/documents/ros/usage-examples/java/target/test-classes:/Users/yingzhao/codes/github/Resource-Orchestration-Service-Cloud-Development-Kit/examples/documents/ros/usage-examples/java/target/classes:/Users/yingzhao/.m2/repository/com/aliyun/ros-cdk-core/1.0.25/ros-cdk-core-1.0.25.jar:/Users/yingzhao/.m2/repository/com/aliyun/ros-cdk-assembly-schema/1.0.25/ros-cdk-assembly-schema-1.0.25.jar:/Users/yingzhao/.m2/repository/com/aliyun/ros-cdk-cxapi/1.0.25/ros-cdk-cxapi-1.0.25.jar:/Users/yingzhao/.m2/repository/software/constructs/constructs/3.4.344/constructs-3.4.344.jar:/Users/yingzhao/.m2/repository/software/amazon/jsii/jsii-runtime/1.85.0/jsii-runtime-1.85.0.jar:/Users/yingzhao/.m2/repository/com/fasterxml/jackson/core/jackson-core/2.13.5/jackson-core-2.13.5.jar:/Users/yingzhao/.m2/repository/com/fasterxml/jackson/core/jackson-databind/2.13.5/jackson-databind-2.13.5.jar:/Users/yingzhao/.m2/repository/com/fasterxml/jackson/core/jackson-annotations/2.13.5/jackson-annotations-2.13.5.jar:/Users/yingzhao/.m2/repository/com/fasterxml/jackson/datatype/jackson-datatype-jsr310/2.13.5/jackson-datatype-jsr310-2.13.5.jar:/Users/yingzhao/.m2/repository/org/jetbrains/annotations/19.0.0/annotations-19.0.0.jar:/Users/yingzhao/.m2/repository/javax/annotation/javax.annotation-api/1.3.2/javax.annotation-api-1.3.2.jar:/Users/yingzhao/.m2/repository/com/aliyun/ros-cdk-ecs/1.0.23/ros-cdk-ecs-1.0.23.jar:/Users/yingzhao/.m2/repository/junit/junit/4.12/junit-4.12.jar:/Users/yingzhao/.m2/repository/org/hamcrest/hamcrest-core/1.3/hamcrest-core-1.3.jar:"/>
    <property name="java.vm.vendor" value="Homebrew"/>
    <property name="sun.arch.data.model" value="64"/>
    <property name="java.vendor.url" value="https://github.com/Homebrew/homebrew-core/issues"/>
    <property name="os.name" value="Mac OS X"/>
    <property name="java.vm.specification.version" value="21"/>
    <property name="sun.java.launcher" value="SUN_STANDARD"/>
    <property name="user.country" value="CN"/>
    <property name="sun.boot.library.path" value="/opt/homebrew/Cellar/openjdk/21.0.2/libexec/openjdk.jdk/Contents/Home/lib"/>
    <property name="sun.java.command" value="/Users/yingzhao/codes/github/Resource-Orchestration-Service-Cloud-Development-Kit/examples/documents/ros/usage-examples/java/target/surefire/surefirebooter-20240326142006929_3.jar /Users/yingzhao/codes/github/Resource-Orchestration-Service-Cloud-Development-Kit/examples/documents/ros/usage-examples/java/target/surefire 2024-03-26T14-20-06_888-jvmRun1 surefire-20240326142006929_1tmp surefire_0-20240326142006929_2tmp"/>
    <property name="jdk.debug" value="release"/>
    <property name="surefire.test.class.path" value="/Users/yingzhao/codes/github/Resource-Orchestration-Service-Cloud-Development-Kit/examples/documents/ros/usage-examples/java/target/test-classes:/Users/yingzhao/codes/github/Resource-Orchestration-Service-Cloud-Development-Kit/examples/documents/ros/usage-examples/java/target/classes:/Users/yingzhao/.m2/repository/com/aliyun/ros-cdk-core/1.0.25/ros-cdk-core-1.0.25.jar:/Users/yingzhao/.m2/repository/com/aliyun/ros-cdk-assembly-schema/1.0.25/ros-cdk-assembly-schema-1.0.25.jar:/Users/yingzhao/.m2/repository/com/aliyun/ros-cdk-cxapi/1.0.25/ros-cdk-cxapi-1.0.25.jar:/Users/yingzhao/.m2/repository/software/constructs/constructs/3.4.344/constructs-3.4.344.jar:/Users/yingzhao/.m2/repository/software/amazon/jsii/jsii-runtime/1.85.0/jsii-runtime-1.85.0.jar:/Users/yingzhao/.m2/repository/com/fasterxml/jackson/core/jackson-core/2.13.5/jackson-core-2.13.5.jar:/Users/yingzhao/.m2/repository/com/fasterxml/jackson/core/jackson-databind/2.13.5/jackson-databind-2.13.5.jar:/Users/yingzhao/.m2/repository/com/fasterxml/jackson/core/jackson-annotations/2.13.5/jackson-annotations-2.13.5.jar:/Users/yingzhao/.m2/repository/com/fasterxml/jackson/datatype/jackson-datatype-jsr310/2.13.5/jackson-datatype-jsr310-2.13.5.jar:/Users/yingzhao/.m2/repository/org/jetbrains/annotations/19.0.0/annotations-19.0.0.jar:/Users/yingzhao/.m2/repository/javax/annotation/javax.annotation-api/1.3.2/javax.annotation-api-1.3.2.jar:/Users/yingzhao/.m2/repository/com/aliyun/ros-cdk-ecs/1.0.23/ros-cdk-ecs-1.0.23.jar:/Users/yingzhao/.m2/repository/junit/junit/4.12/junit-4.12.jar:/Users/yingzhao/.m2/repository/org/hamcrest/hamcrest-core/1.3/hamcrest-core-1.3.jar:"/>
    <property name="sun.cpu.endian" value="little"/>
    <property name="user.home" value="/Users/yingzhao"/>
    <property name="user.language" value="zh"/>
    <property name="java.specification.vendor" value="Oracle Corporation"/>
    <property name="java.version.date" value="2024-01-16"/>
    <property name="java.home" value="/opt/homebrew/Cellar/openjdk/21.0.2/libexec/openjdk.jdk/Contents/Home"/>
    <property name="file.separator" value="/"/>
    <property name="basedir" value="/Users/yingzhao/codes/github/Resource-Orchestration-Service-Cloud-Development-Kit/examples/documents/ros/usage-examples/java"/>
    <property name="java.vm.compressedOopsMode" value="Zero based"/>
    <property name="line.separator" value="&#10;"/>
    <property name="java.vm.specification.vendor" value="Oracle Corporation"/>
    <property name="java.specification.name" value="Java Platform API Specification"/>
    <property name="apple.awt.application.name" value="ForkedBooter"/>
    <property name="surefire.real.class.path" value="/Users/yingzhao/codes/github/Resource-Orchestration-Service-Cloud-Development-Kit/examples/documents/ros/usage-examples/java/target/surefire/surefirebooter-20240326142006929_3.jar"/>
    <property name="user.script" value="Hans"/>
    <property name="sun.management.compiler" value="HotSpot 64-Bit Tiered Compilers"/>
    <property name="java.runtime.version" value="21.0.2"/>
    <property name="user.name" value="yingzhao"/>
    <property name="stdout.encoding" value="UTF-8"/>
    <property name="path.separator" value=":"/>
    <property name="os.version" value="13.2.1"/>
    <property name="java.runtime.name" value="OpenJDK Runtime Environment"/>
    <property name="file.encoding" value="UTF-8"/>
    <property name="java.vm.name" value="OpenJDK 64-Bit Server VM"/>
    <property name="java.vendor.version" value="Homebrew"/>
    <property name="localRepository" value="/Users/yingzhao/.m2/repository"/>
    <property name="java.vendor.url.bug" value="https://github.com/Homebrew/homebrew-core/issues"/>
    <property name="java.io.tmpdir" value="/var/folders/cc/mq3npfgj6dj_d9lgfwnxbj9c0000gp/T/"/>
    <property name="java.version" value="21.0.2"/>
    <property name="user.dir" value="/Users/yingzhao/codes/github/Resource-Orchestration-Service-Cloud-Development-Kit/examples/documents/ros/usage-examples/java"/>
    <property name="os.arch" value="aarch64"/>
    <property name="java.vm.specification.name" value="Java Virtual Machine Specification"/>
    <property name="native.encoding" value="UTF-8"/>
    <property name="java.library.path" value="/Users/yingzhao/Library/Java/Extensions:/Library/Java/Extensions:/Network/Library/Java/Extensions:/System/Library/Java/Extensions:/usr/lib/java:."/>
    <property name="java.vm.info" value="mixed mode, sharing"/>
    <property name="stderr.encoding" value="UTF-8"/>
    <property name="java.vendor" value="Homebrew"/>
    <property name="java.vm.version" value="21.0.2"/>
    <property name="sun.io.unicode.encoding" value="UnicodeBig"/>
    <property name="java.class.version" value="65.0"/>
  </properties>
  <testcase name="testStack" classname="com.myorg.DemoTest" time="0.778"/>
</testsuite>